;  LST file generated by mikroListExporter - v.2.0 
; Date/Time: 2026-05-21 1:04:21 AM
;----------------------------------------------

;Address Opcode 	ASM
0x0000	0x2988      	GOTO       392
_usdelay:
;kkik.c,215 :: 		void usdelay(){
;kkik.c,217 :: 		for(i = 0; i < 20; i++){
0x0003	0x1283      	BCF        STATUS, 5
0x0004	0x1303      	BCF        STATUS, 6
0x0005	0x01F1      	CLRF       R1
L_usdelay57:
0x0006	0x3014      	MOVLW      20
0x0007	0x0271      	SUBWF      R1, 0
0x0008	0x1803      	BTFSC      STATUS, 0
0x0009	0x280D      	GOTO       L_usdelay58
;kkik.c,218 :: 		asm NOP;
0x000A	0x0000      	NOP
;kkik.c,217 :: 		for(i = 0; i < 20; i++){
0x000B	0x0AF1      	INCF       R1, 1
;kkik.c,219 :: 		}
0x000C	0x2806      	GOTO       L_usdelay57
L_usdelay58:
;kkik.c,220 :: 		}
L_end_usdelay:
0x000D	0x0008      	RETURN
; end of _usdelay
_____DoICP:
;__Lib_System.c,6 :: 		
;__Lib_System.c,9 :: 		
0x000E	0x1283      	BCF        STATUS, 5
0x000F	0x1303      	BCF        STATUS, 6
0x0010	0x0825      	MOVF       ___DoICPAddr+1, 0
0x0011	0x008A      	MOVWF      PCLATH
;__Lib_System.c,10 :: 		
0x0012	0x0824      	MOVF       ___DoICPAddr, 0
0x0013	0x0082      	MOVWF      PCL
;__Lib_System.c,12 :: 		
L_end_____DoICP:
0x0014	0x0008      	RETURN
; end of _____DoICP
_servo_pulse:
;kkik.c,120 :: 		void servo_pulse(unsigned int pulse_us){
;kkik.c,122 :: 		PORTC = PORTC | 0x08;            // RC3 HIGH
0x0015	0x1283      	BCF        STATUS, 5
0x0016	0x1303      	BCF        STATUS, 6
0x0017	0x1587      	BSF        PORTC, 3
;kkik.c,123 :: 		for(i = 0; i < pulse_us; i++){
0x0018	0x01B2      	CLRF       servo_pulse_i_L0
0x0019	0x01B3      	CLRF       servo_pulse_i_L0+1
L_servo_pulse32:
0x001A	0x0831      	MOVF       FARG_servo_pulse_pulse_us+1, 0
0x001B	0x0233      	SUBWF      servo_pulse_i_L0+1, 0
0x001C	0x1D03      	BTFSS      STATUS, 2
0x001D	0x2820      	GOTO       L__servo_pulse77
0x001E	0x0830      	MOVF       FARG_servo_pulse_pulse_us, 0
0x001F	0x0232      	SUBWF      servo_pulse_i_L0, 0
L__servo_pulse77:
0x0020	0x1803      	BTFSC      STATUS, 0
0x0021	0x2827      	GOTO       L_servo_pulse33
;kkik.c,124 :: 		usdelay();
0x0022	0x2003      	CALL       _usdelay
;kkik.c,123 :: 		for(i = 0; i < pulse_us; i++){
0x0023	0x0AB2      	INCF       servo_pulse_i_L0, 1
0x0024	0x1903      	BTFSC      STATUS, 2
0x0025	0x0AB3      	INCF       servo_pulse_i_L0+1, 1
;kkik.c,125 :: 		}
0x0026	0x281A      	GOTO       L_servo_pulse32
L_servo_pulse33:
;kkik.c,126 :: 		PORTC = PORTC & 0xF7;            // RC3 LOW
0x0027	0x30F7      	MOVLW      247
0x0028	0x0587      	ANDWF      PORTC, 1
;kkik.c,127 :: 		for(i = 0; i < (2000 - pulse_us); i++){
0x0029	0x01B2      	CLRF       servo_pulse_i_L0
0x002A	0x01B3      	CLRF       servo_pulse_i_L0+1
L_servo_pulse35:
0x002B	0x0830      	MOVF       FARG_servo_pulse_pulse_us, 0
0x002C	0x3CD0      	SUBLW      208
0x002D	0x00F1      	MOVWF      R1
0x002E	0x0831      	MOVF       FARG_servo_pulse_pulse_us+1, 0
0x002F	0x1C03      	BTFSS      STATUS, 0
0x0030	0x3E01      	ADDLW      1
0x0031	0x3C07      	SUBLW      7
0x0032	0x00F2      	MOVWF      R1+1
0x0033	0x0872      	MOVF       R1+1, 0
0x0034	0x0233      	SUBWF      servo_pulse_i_L0+1, 0
0x0035	0x1D03      	BTFSS      STATUS, 2
0x0036	0x2839      	GOTO       L__servo_pulse78
0x0037	0x0871      	MOVF       R1, 0
0x0038	0x0232      	SUBWF      servo_pulse_i_L0, 0
L__servo_pulse78:
0x0039	0x1803      	BTFSC      STATUS, 0
0x003A	0x2840      	GOTO       L_servo_pulse36
;kkik.c,128 :: 		usdelay();
0x003B	0x2003      	CALL       _usdelay
;kkik.c,127 :: 		for(i = 0; i < (2000 - pulse_us); i++){
0x003C	0x0AB2      	INCF       servo_pulse_i_L0, 1
0x003D	0x1903      	BTFSC      STATUS, 2
0x003E	0x0AB3      	INCF       servo_pulse_i_L0+1, 1
;kkik.c,129 :: 		}
0x003F	0x282B      	GOTO       L_servo_pulse35
L_servo_pulse36:
;kkik.c,130 :: 		}
L_end_servo_pulse:
0x0040	0x0008      	RETURN
; end of _servo_pulse
_msdelay:
;kkik.c,222 :: 		void msdelay(unsigned int ms){
;kkik.c,224 :: 		for(i = 0; i < ms; i++){
0x0041	0x1283      	BCF        STATUS, 5
0x0042	0x1303      	BCF        STATUS, 6
0x0043	0x01F1      	CLRF       R1
0x0044	0x01F2      	CLRF       R1+1
L_msdelay60:
0x0045	0x0831      	MOVF       FARG_msdelay_ms+1, 0
0x0046	0x0272      	SUBWF      R1+1, 0
0x0047	0x1D03      	BTFSS      STATUS, 2
0x0048	0x284B      	GOTO       L__msdelay92
0x0049	0x0830      	MOVF       FARG_msdelay_ms, 0
0x004A	0x0271      	SUBWF      R1, 0
L__msdelay92:
0x004B	0x1803      	BTFSC      STATUS, 0
0x004C	0x2860      	GOTO       L_msdelay61
;kkik.c,225 :: 		for(j = 0; j < 332; j++){
0x004D	0x01F3      	CLRF       R3
0x004E	0x01F4      	CLRF       R3+1
L_msdelay63:
0x004F	0x3001      	MOVLW      1
0x0050	0x0274      	SUBWF      R3+1, 0
0x0051	0x1D03      	BTFSS      STATUS, 2
0x0052	0x2855      	GOTO       L__msdelay93
0x0053	0x304C      	MOVLW      76
0x0054	0x0273      	SUBWF      R3, 0
L__msdelay93:
0x0055	0x1803      	BTFSC      STATUS, 0
0x0056	0x285C      	GOTO       L_msdelay64
;kkik.c,226 :: 		asm NOP;
0x0057	0x0000      	NOP
;kkik.c,225 :: 		for(j = 0; j < 332; j++){
0x0058	0x0AF3      	INCF       R3, 1
0x0059	0x1903      	BTFSC      STATUS, 2
0x005A	0x0AF4      	INCF       R3+1, 1
;kkik.c,227 :: 		}
0x005B	0x284F      	GOTO       L_msdelay63
L_msdelay64:
;kkik.c,224 :: 		for(i = 0; i < ms; i++){
0x005C	0x0AF1      	INCF       R1, 1
0x005D	0x1903      	BTFSC      STATUS, 2
0x005E	0x0AF2      	INCF       R1+1, 1
;kkik.c,228 :: 		}
0x005F	0x2845      	GOTO       L_msdelay60
L_msdelay61:
;kkik.c,229 :: 		}
L_end_msdelay:
0x0060	0x0008      	RETURN
; end of _msdelay
_Div_16X16_U:
;__Lib_Math.c,215 :: 		
;__Lib_Math.c,222 :: 		
0x0061	0x1283      	BCF        STATUS, 5
;__Lib_Math.c,223 :: 		
0x0062	0x1303      	BCF        STATUS, 6
;__Lib_Math.c,224 :: 		
0x0063	0x01F8      	CLRF       R8
;__Lib_Math.c,225 :: 		
0x0064	0x01F9      	CLRF       R9
;__Lib_Math.c,226 :: 		
0x0065	0x3010      	MOVLW      16
;__Lib_Math.c,227 :: 		
0x0066	0x00FC      	MOVWF      R12
;__Lib_Math.c,228 :: 		
0x0067	0x0D71      	RLF        R1, 0
;__Lib_Math.c,229 :: 		
0x0068	0x0DF8      	RLF        R8, 1
;__Lib_Math.c,230 :: 		
0x0069	0x0DF9      	RLF        R9, 1
;__Lib_Math.c,231 :: 		
0x006A	0x0874      	MOVF       R4, 0
;__Lib_Math.c,232 :: 		
0x006B	0x02F8      	SUBWF      R8, 1
;__Lib_Math.c,233 :: 		
0x006C	0x0875      	MOVF       R5, 0
;__Lib_Math.c,234 :: 		
0x006D	0x1C03      	BTFSS      STATUS, 0
;__Lib_Math.c,235 :: 		
0x006E	0x0F75      	INCFSZ     R5, 0
;__Lib_Math.c,236 :: 		
0x006F	0x02F9      	SUBWF      R9, 1
;__Lib_Math.c,237 :: 		
0x0070	0x1803      	BTFSC      STATUS, 0
;__Lib_Math.c,238 :: 		
0x0071	0x2879      	GOTO       $+8
;__Lib_Math.c,239 :: 		
0x0072	0x0874      	MOVF       R4, 0
;__Lib_Math.c,240 :: 		
0x0073	0x07F8      	ADDWF      R8, 1
;__Lib_Math.c,241 :: 		
0x0074	0x0875      	MOVF       R5, 0
;__Lib_Math.c,242 :: 		
0x0075	0x1803      	BTFSC      STATUS, 0
;__Lib_Math.c,243 :: 		
0x0076	0x0F75      	INCFSZ     R5, 0
;__Lib_Math.c,244 :: 		
0x0077	0x07F9      	ADDWF      R9, 1
;__Lib_Math.c,245 :: 		
0x0078	0x1003      	BCF        STATUS, 0
;__Lib_Math.c,246 :: 		
0x0079	0x0DF0      	RLF        R0, 1
;__Lib_Math.c,247 :: 		
0x007A	0x0DF1      	RLF        R1, 1
;__Lib_Math.c,248 :: 		
0x007B	0x0BFC      	DECFSZ     R12, 1
;__Lib_Math.c,249 :: 		
0x007C	0x2867      	GOTO       $-21
;__Lib_Math.c,251 :: 		
L_end_Div_16X16_U:
0x007D	0x0008      	RETURN
; end of _Div_16X16_U
_PWM:
;kkik.c,231 :: 		void PWM(){
;kkik.c,232 :: 		T2CON   = 0x07;
0x007E	0x3007      	MOVLW      7
0x007F	0x1283      	BCF        STATUS, 5
0x0080	0x1303      	BCF        STATUS, 6
0x0081	0x0092      	MOVWF      T2CON
;kkik.c,233 :: 		CCP1CON = 0x0C;
0x0082	0x300C      	MOVLW      12
0x0083	0x0097      	MOVWF      CCP1CON
;kkik.c,234 :: 		CCP2CON = 0x0C;
0x0084	0x300C      	MOVLW      12
0x0085	0x009D      	MOVWF      CCP2CON
;kkik.c,235 :: 		PR2     = 250;
0x0086	0x30FA      	MOVLW      250
0x0087	0x1683      	BSF        STATUS, 5
0x0088	0x0092      	MOVWF      PR2
;kkik.c,236 :: 		CCPR1L  = 0;
0x0089	0x1283      	BCF        STATUS, 5
0x008A	0x0195      	CLRF       CCPR1L
;kkik.c,237 :: 		CCPR2L  = 0;
0x008B	0x019B      	CLRF       CCPR2L
;kkik.c,238 :: 		}
L_end_PWM:
0x008C	0x0008      	RETURN
; end of _PWM
_Sonar_init:
;kkik.c,153 :: 		void Sonar_init(){
;kkik.c,155 :: 		TRISB = TRISB & 0xBF;
0x008D	0x30BF      	MOVLW      191
0x008E	0x1683      	BSF        STATUS, 5
0x008F	0x1303      	BCF        STATUS, 6
0x0090	0x0586      	ANDWF      TRISB, 1
;kkik.c,156 :: 		TRISB = TRISB | 0x80;
0x0091	0x1786      	BSF        TRISB, 7
;kkik.c,159 :: 		TRISB = TRISB & 0xFD;
0x0092	0x30FD      	MOVLW      253
0x0093	0x0586      	ANDWF      TRISB, 1
;kkik.c,160 :: 		TRISB = TRISB | 0x04;
0x0094	0x1506      	BSF        TRISB, 2
;kkik.c,161 :: 		}
L_end_Sonar_init:
0x0095	0x0008      	RETURN
; end of _Sonar_init
_Sonar_read_front:
;kkik.c,189 :: 		unsigned int Sonar_read_front(){
;kkik.c,190 :: 		unsigned int duration = 0;
0x0096	0x1283      	BCF        STATUS, 5
0x0097	0x1303      	BCF        STATUS, 6
0x0098	0x01AC      	CLRF       Sonar_read_front_duration_L0
0x0099	0x01AD      	CLRF       Sonar_read_front_duration_L0+1
0x009A	0x01AE      	CLRF       Sonar_read_front_timeout_L0
0x009B	0x01AF      	CLRF       Sonar_read_front_timeout_L0+1
;kkik.c,193 :: 		PORTB = PORTB & 0xFD;           // front TRIG LOW  (RB1)
0x009C	0x30FD      	MOVLW      253
0x009D	0x0586      	ANDWF      PORTB, 1
;kkik.c,194 :: 		msdelay(2);
0x009E	0x3002      	MOVLW      2
0x009F	0x00B0      	MOVWF      FARG_msdelay_ms
0x00A0	0x3000      	MOVLW      0
0x00A1	0x00B1      	MOVWF      FARG_msdelay_ms+1
0x00A2	0x2041      	CALL       _msdelay
;kkik.c,195 :: 		PORTB = PORTB | 0x02;           // front TRIG HIGH (RB1)
0x00A3	0x1486      	BSF        PORTB, 1
;kkik.c,196 :: 		usdelay();
0x00A4	0x2003      	CALL       _usdelay
;kkik.c,197 :: 		PORTB = PORTB & 0xFD;           // front TRIG LOW  (RB1)
0x00A5	0x30FD      	MOVLW      253
0x00A6	0x0586      	ANDWF      PORTB, 1
;kkik.c,199 :: 		timeout = 0;
0x00A7	0x01AE      	CLRF       Sonar_read_front_timeout_L0
0x00A8	0x01AF      	CLRF       Sonar_read_front_timeout_L0+1
;kkik.c,200 :: 		while((PORTB & 0x04) == 0){     // wait ECHO HIGH (RB2)
L_Sonar_read_front51:
0x00A9	0x3004      	MOVLW      4
0x00AA	0x0506      	ANDWF      PORTB, 0
0x00AB	0x00F1      	MOVWF      R1
0x00AC	0x0871      	MOVF       R1, 0
0x00AD	0x3A00      	XORLW      0
0x00AE	0x1D03      	BTFSS      STATUS, 2
0x00AF	0x28C1      	GOTO       L_Sonar_read_front52
;kkik.c,201 :: 		timeout++;
0x00B0	0x0AAE      	INCF       Sonar_read_front_timeout_L0, 1
0x00B1	0x1903      	BTFSC      STATUS, 2
0x00B2	0x0AAF      	INCF       Sonar_read_front_timeout_L0+1, 1
;kkik.c,202 :: 		if(timeout > 30000) return 500;
0x00B3	0x082F      	MOVF       Sonar_read_front_timeout_L0+1, 0
0x00B4	0x3C75      	SUBLW      117
0x00B5	0x1D03      	BTFSS      STATUS, 2
0x00B6	0x28B9      	GOTO       L__Sonar_read_front88
0x00B7	0x082E      	MOVF       Sonar_read_front_timeout_L0, 0
0x00B8	0x3C30      	SUBLW      48
L__Sonar_read_front88:
0x00B9	0x1803      	BTFSC      STATUS, 0
0x00BA	0x28C0      	GOTO       L_Sonar_read_front53
0x00BB	0x30F4      	MOVLW      244
0x00BC	0x00F0      	MOVWF      R0
0x00BD	0x3001      	MOVLW      1
0x00BE	0x00F1      	MOVWF      R0+1
0x00BF	0x28E8      	GOTO       L_end_Sonar_read_front
L_Sonar_read_front53:
;kkik.c,203 :: 		}
0x00C0	0x28A9      	GOTO       L_Sonar_read_front51
L_Sonar_read_front52:
;kkik.c,205 :: 		timeout = 0;
0x00C1	0x01AE      	CLRF       Sonar_read_front_timeout_L0
0x00C2	0x01AF      	CLRF       Sonar_read_front_timeout_L0+1
;kkik.c,206 :: 		while((PORTB & 0x04) != 0){     // count while ECHO HIGH
L_Sonar_read_front54:
0x00C3	0x3004      	MOVLW      4
0x00C4	0x0506      	ANDWF      PORTB, 0
0x00C5	0x00F1      	MOVWF      R1
0x00C6	0x0871      	MOVF       R1, 0
0x00C7	0x3A00      	XORLW      0
0x00C8	0x1903      	BTFSC      STATUS, 2
0x00C9	0x28DF      	GOTO       L_Sonar_read_front55
;kkik.c,207 :: 		duration++;
0x00CA	0x0AAC      	INCF       Sonar_read_front_duration_L0, 1
0x00CB	0x1903      	BTFSC      STATUS, 2
0x00CC	0x0AAD      	INCF       Sonar_read_front_duration_L0+1, 1
;kkik.c,208 :: 		usdelay();
0x00CD	0x2003      	CALL       _usdelay
;kkik.c,209 :: 		timeout++;
0x00CE	0x0AAE      	INCF       Sonar_read_front_timeout_L0, 1
0x00CF	0x1903      	BTFSC      STATUS, 2
0x00D0	0x0AAF      	INCF       Sonar_read_front_timeout_L0+1, 1
;kkik.c,210 :: 		if(timeout > 30000) return 500;
0x00D1	0x082F      	MOVF       Sonar_read_front_timeout_L0+1, 0
0x00D2	0x3C75      	SUBLW      117
0x00D3	0x1D03      	BTFSS      STATUS, 2
0x00D4	0x28D7      	GOTO       L__Sonar_read_front89
0x00D5	0x082E      	MOVF       Sonar_read_front_timeout_L0, 0
0x00D6	0x3C30      	SUBLW      48
L__Sonar_read_front89:
0x00D7	0x1803      	BTFSC      STATUS, 0
0x00D8	0x28DE      	GOTO       L_Sonar_read_front56
0x00D9	0x30F4      	MOVLW      244
0x00DA	0x00F0      	MOVWF      R0
0x00DB	0x3001      	MOVLW      1
0x00DC	0x00F1      	MOVWF      R0+1
0x00DD	0x28E8      	GOTO       L_end_Sonar_read_front
L_Sonar_read_front56:
;kkik.c,211 :: 		}
0x00DE	0x28C3      	GOTO       L_Sonar_read_front54
L_Sonar_read_front55:
;kkik.c,212 :: 		return (duration / 6);
0x00DF	0x3006      	MOVLW      6
0x00E0	0x00F4      	MOVWF      R4
0x00E1	0x3000      	MOVLW      0
0x00E2	0x00F5      	MOVWF      R4+1
0x00E3	0x082C      	MOVF       Sonar_read_front_duration_L0, 0
0x00E4	0x00F0      	MOVWF      R0
0x00E5	0x082D      	MOVF       Sonar_read_front_duration_L0+1, 0
0x00E6	0x00F1      	MOVWF      R0+1
0x00E7	0x2061      	CALL       _Div_16X16_U
;kkik.c,213 :: 		}
L_end_Sonar_read_front:
0x00E8	0x0008      	RETURN
; end of _Sonar_read_front
___CC2DW:
;__Lib_System.c,134 :: 		
;__Lib_System.c,137 :: 		
_CC2D_Loop1:
;__Lib_System.c,139 :: 		
0x00E9	0x200E      	CALL       _____DoICP
0x00EA	0x118A      	BCF        PCLATH, 3
0x00EB	0x120A      	BCF        PCLATH, 4
;__Lib_System.c,141 :: 		
0x00EC	0x0080      	MOVWF      INDF
;__Lib_System.c,142 :: 		
0x00ED	0x0A84      	INCF       FSR, 1
;__Lib_System.c,143 :: 		
0x00EE	0x0AA4      	INCF       ___DoICPAddr, 1
;__Lib_System.c,145 :: 		
0x00EF	0x1903      	BTFSC      STATUS, 2
;__Lib_System.c,146 :: 		
0x00F0	0x0AA5      	INCF       ___DoICPAddr+1, 1
;__Lib_System.c,147 :: 		
0x00F1	0x03F0      	DECF       R0, 1
;__Lib_System.c,149 :: 		
0x00F2	0x1D03      	BTFSS      STATUS, 2
;__Lib_System.c,150 :: 		
0x00F3	0x28E9      	GOTO       _CC2D_Loop1
;__Lib_System.c,152 :: 		
L_end___CC2DW:
0x00F4	0x0008      	RETURN
; end of ___CC2DW
_Sonar_read_right:
;kkik.c,163 :: 		unsigned int Sonar_read_right(){
;kkik.c,164 :: 		unsigned int duration = 0;
0x00F5	0x1283      	BCF        STATUS, 5
0x00F6	0x1303      	BCF        STATUS, 6
0x00F7	0x01AC      	CLRF       Sonar_read_right_duration_L0
0x00F8	0x01AD      	CLRF       Sonar_read_right_duration_L0+1
0x00F9	0x01AE      	CLRF       Sonar_read_right_timeout_L0
0x00FA	0x01AF      	CLRF       Sonar_read_right_timeout_L0+1
;kkik.c,167 :: 		PORTB = PORTB & 0xBF;           // right TRIG LOW  (RB6)
0x00FB	0x30BF      	MOVLW      191
0x00FC	0x0586      	ANDWF      PORTB, 1
;kkik.c,168 :: 		msdelay(2);
0x00FD	0x3002      	MOVLW      2
0x00FE	0x00B0      	MOVWF      FARG_msdelay_ms
0x00FF	0x3000      	MOVLW      0
0x0100	0x00B1      	MOVWF      FARG_msdelay_ms+1
0x0101	0x2041      	CALL       _msdelay
;kkik.c,169 :: 		PORTB = PORTB | 0x40;           // right TRIG HIGH (RB6)
0x0102	0x1706      	BSF        PORTB, 6
;kkik.c,170 :: 		usdelay();
0x0103	0x2003      	CALL       _usdelay
;kkik.c,171 :: 		PORTB = PORTB & 0xBF;           // right TRIG LOW  (RB6)
0x0104	0x30BF      	MOVLW      191
0x0105	0x0586      	ANDWF      PORTB, 1
;kkik.c,173 :: 		timeout = 0;
0x0106	0x01AE      	CLRF       Sonar_read_right_timeout_L0
0x0107	0x01AF      	CLRF       Sonar_read_right_timeout_L0+1
;kkik.c,174 :: 		while((PORTB & 0x80) == 0){     // wait ECHO HIGH (RB7)
L_Sonar_read_right45:
0x0108	0x3080      	MOVLW      128
0x0109	0x0506      	ANDWF      PORTB, 0
0x010A	0x00F1      	MOVWF      R1
0x010B	0x0871      	MOVF       R1, 0
0x010C	0x3A00      	XORLW      0
0x010D	0x1D03      	BTFSS      STATUS, 2
0x010E	0x2920      	GOTO       L_Sonar_read_right46
;kkik.c,175 :: 		timeout++;
0x010F	0x0AAE      	INCF       Sonar_read_right_timeout_L0, 1
0x0110	0x1903      	BTFSC      STATUS, 2
0x0111	0x0AAF      	INCF       Sonar_read_right_timeout_L0+1, 1
;kkik.c,176 :: 		if(timeout > 30000) return 500;
0x0112	0x082F      	MOVF       Sonar_read_right_timeout_L0+1, 0
0x0113	0x3C75      	SUBLW      117
0x0114	0x1D03      	BTFSS      STATUS, 2
0x0115	0x2918      	GOTO       L__Sonar_read_right85
0x0116	0x082E      	MOVF       Sonar_read_right_timeout_L0, 0
0x0117	0x3C30      	SUBLW      48
L__Sonar_read_right85:
0x0118	0x1803      	BTFSC      STATUS, 0
0x0119	0x291F      	GOTO       L_Sonar_read_right47
0x011A	0x30F4      	MOVLW      244
0x011B	0x00F0      	MOVWF      R0
0x011C	0x3001      	MOVLW      1
0x011D	0x00F1      	MOVWF      R0+1
0x011E	0x2947      	GOTO       L_end_Sonar_read_right
L_Sonar_read_right47:
;kkik.c,177 :: 		}
0x011F	0x2908      	GOTO       L_Sonar_read_right45
L_Sonar_read_right46:
;kkik.c,179 :: 		timeout = 0;
0x0120	0x01AE      	CLRF       Sonar_read_right_timeout_L0
0x0121	0x01AF      	CLRF       Sonar_read_right_timeout_L0+1
;kkik.c,180 :: 		while((PORTB & 0x80) != 0){     // count while ECHO HIGH
L_Sonar_read_right48:
0x0122	0x3080      	MOVLW      128
0x0123	0x0506      	ANDWF      PORTB, 0
0x0124	0x00F1      	MOVWF      R1
0x0125	0x0871      	MOVF       R1, 0
0x0126	0x3A00      	XORLW      0
0x0127	0x1903      	BTFSC      STATUS, 2
0x0128	0x293E      	GOTO       L_Sonar_read_right49
;kkik.c,181 :: 		duration++;
0x0129	0x0AAC      	INCF       Sonar_read_right_duration_L0, 1
0x012A	0x1903      	BTFSC      STATUS, 2
0x012B	0x0AAD      	INCF       Sonar_read_right_duration_L0+1, 1
;kkik.c,182 :: 		usdelay();
0x012C	0x2003      	CALL       _usdelay
;kkik.c,183 :: 		timeout++;
0x012D	0x0AAE      	INCF       Sonar_read_right_timeout_L0, 1
0x012E	0x1903      	BTFSC      STATUS, 2
0x012F	0x0AAF      	INCF       Sonar_read_right_timeout_L0+1, 1
;kkik.c,184 :: 		if(timeout > 30000) return 500;
0x0130	0x082F      	MOVF       Sonar_read_right_timeout_L0+1, 0
0x0131	0x3C75      	SUBLW      117
0x0132	0x1D03      	BTFSS      STATUS, 2
0x0133	0x2936      	GOTO       L__Sonar_read_right86
0x0134	0x082E      	MOVF       Sonar_read_right_timeout_L0, 0
0x0135	0x3C30      	SUBLW      48
L__Sonar_read_right86:
0x0136	0x1803      	BTFSC      STATUS, 0
0x0137	0x293D      	GOTO       L_Sonar_read_right50
0x0138	0x30F4      	MOVLW      244
0x0139	0x00F0      	MOVWF      R0
0x013A	0x3001      	MOVLW      1
0x013B	0x00F1      	MOVWF      R0+1
0x013C	0x2947      	GOTO       L_end_Sonar_read_right
L_Sonar_read_right50:
;kkik.c,185 :: 		}
0x013D	0x2922      	GOTO       L_Sonar_read_right48
L_Sonar_read_right49:
;kkik.c,186 :: 		return (duration / 6);
0x013E	0x3006      	MOVLW      6
0x013F	0x00F4      	MOVWF      R4
0x0140	0x3000      	MOVLW      0
0x0141	0x00F5      	MOVWF      R4+1
0x0142	0x082C      	MOVF       Sonar_read_right_duration_L0, 0
0x0143	0x00F0      	MOVWF      R0
0x0144	0x082D      	MOVF       Sonar_read_right_duration_L0+1, 0
0x0145	0x00F1      	MOVWF      R0+1
0x0146	0x2061      	CALL       _Div_16X16_U
;kkik.c,187 :: 		}
L_end_Sonar_read_right:
0x0147	0x0008      	RETURN
; end of _Sonar_read_right
_stop:
;kkik.c,246 :: 		void stop(){
;kkik.c,247 :: 		PORTD  = 0x00;
0x0148	0x1283      	BCF        STATUS, 5
0x0149	0x1303      	BCF        STATUS, 6
0x014A	0x0188      	CLRF       PORTD
;kkik.c,248 :: 		CCPR1L = 0;
0x014B	0x0195      	CLRF       CCPR1L
;kkik.c,249 :: 		CCPR2L = 0;
0x014C	0x019B      	CLRF       CCPR2L
;kkik.c,250 :: 		}
L_end_stop:
0x014D	0x0008      	RETURN
; end of _stop
_Move_forward:
;kkik.c,240 :: 		void Move_forward(unsigned char L, unsigned char R){
;kkik.c,241 :: 		PORTD  = 0x05;
0x014E	0x3005      	MOVLW      5
0x014F	0x1283      	BCF        STATUS, 5
0x0150	0x1303      	BCF        STATUS, 6
0x0151	0x0088      	MOVWF      PORTD
;kkik.c,242 :: 		CCPR1L = R;
0x0152	0x082D      	MOVF       FARG_Move_forward_R, 0
0x0153	0x0095      	MOVWF      CCPR1L
;kkik.c,243 :: 		CCPR2L = L;
0x0154	0x082C      	MOVF       FARG_Move_forward_L, 0
0x0155	0x009B      	MOVWF      CCPR2L
;kkik.c,244 :: 		}
L_end_Move_forward:
0x0156	0x0008      	RETURN
; end of _Move_forward
_servo_90:
;kkik.c,132 :: 		void servo_90(){
;kkik.c,134 :: 		for(cycles = 0; cycles < 50; cycles++){
0x0157	0x1283      	BCF        STATUS, 5
0x0158	0x1303      	BCF        STATUS, 6
0x0159	0x01AC      	CLRF       servo_90_cycles_L0
0x015A	0x01AD      	CLRF       servo_90_cycles_L0+1
L_servo_9038:
0x015B	0x3000      	MOVLW      0
0x015C	0x022D      	SUBWF      servo_90_cycles_L0+1, 0
0x015D	0x1D03      	BTFSS      STATUS, 2
0x015E	0x2961      	GOTO       L__servo_9080
0x015F	0x3032      	MOVLW      50
0x0160	0x022C      	SUBWF      servo_90_cycles_L0, 0
L__servo_9080:
0x0161	0x1803      	BTFSC      STATUS, 0
0x0162	0x296B      	GOTO       L_servo_9039
;kkik.c,135 :: 		servo_pulse(150);            // 150 * 10us = 1500us = 90 degrees
0x0163	0x3096      	MOVLW      150
0x0164	0x00B0      	MOVWF      FARG_servo_pulse_pulse_us
0x0165	0x01B1      	CLRF       FARG_servo_pulse_pulse_us+1
0x0166	0x2015      	CALL       _servo_pulse
;kkik.c,134 :: 		for(cycles = 0; cycles < 50; cycles++){
0x0167	0x0AAC      	INCF       servo_90_cycles_L0, 1
0x0168	0x1903      	BTFSC      STATUS, 2
0x0169	0x0AAD      	INCF       servo_90_cycles_L0+1, 1
;kkik.c,136 :: 		}
0x016A	0x295B      	GOTO       L_servo_9038
L_servo_9039:
;kkik.c,137 :: 		while(1){
L_servo_9041:
;kkik.c,138 :: 		servo_pulse(150);            // hold position forever
0x016B	0x3096      	MOVLW      150
0x016C	0x00B0      	MOVWF      FARG_servo_pulse_pulse_us
0x016D	0x01B1      	CLRF       FARG_servo_pulse_pulse_us+1
0x016E	0x2015      	CALL       _servo_pulse
;kkik.c,139 :: 		}
0x016F	0x296B      	GOTO       L_servo_9041
;kkik.c,140 :: 		}
L_end_servo_90:
0x0170	0x0008      	RETURN
; end of _servo_90
_ADC_Read:
;kkik.c,147 :: 		unsigned int ADC_Read(){
;kkik.c,148 :: 		ADCON0 = ADCON0 | 0x04;
0x0171	0x1283      	BCF        STATUS, 5
0x0172	0x1303      	BCF        STATUS, 6
0x0173	0x151F      	BSF        ADCON0, 2
;kkik.c,149 :: 		while(ADCON0 & 0x04);
L_ADC_Read43:
0x0174	0x1D1F      	BTFSS      ADCON0, 2
0x0175	0x2977      	GOTO       L_ADC_Read44
0x0176	0x2974      	GOTO       L_ADC_Read43
L_ADC_Read44:
;kkik.c,150 :: 		return ((ADRESH << 8) | ADRESL);
0x0177	0x081E      	MOVF       ADRESH, 0
0x0178	0x00F1      	MOVWF      R0+1
0x0179	0x01F0      	CLRF       R0
0x017A	0x1683      	BSF        STATUS, 5
0x017B	0x081E      	MOVF       ADRESL, 0
0x017C	0x04F0      	IORWF      R0, 1
0x017D	0x3000      	MOVLW      0
0x017E	0x04F1      	IORWF      R0+1, 1
;kkik.c,151 :: 		}
L_end_ADC_Read:
0x017F	0x0008      	RETURN
; end of _ADC_Read
_ADC_Init:
;kkik.c,142 :: 		void ADC_Init(){
;kkik.c,143 :: 		ADCON0 = 0x41;
0x0180	0x3041      	MOVLW      65
0x0181	0x1283      	BCF        STATUS, 5
0x0182	0x1303      	BCF        STATUS, 6
0x0183	0x009F      	MOVWF      ADCON0
;kkik.c,144 :: 		ADCON1 = 0x8E;
0x0184	0x308E      	MOVLW      142
0x0185	0x1683      	BSF        STATUS, 5
0x0186	0x009F      	MOVWF      ADCON1
;kkik.c,145 :: 		}
L_end_ADC_Init:
0x0187	0x0008      	RETURN
; end of _ADC_Init
_main:
0x0188	0x1283      	BCF        STATUS, 5
0x0189	0x1303      	BCF        STATUS, 6
0x018A	0x01A0      	CLRF       _tunnel_detected
0x018B	0x01A1      	CLRF       _maze_mode
0x018C	0x302C      	MOVLW      44
0x018D	0x00A2      	MOVWF      _ldr_threshold
0x018E	0x3001      	MOVLW      1
0x018F	0x00A3      	MOVWF      35
;kkik.c,18 :: 		void main(){
;kkik.c,19 :: 		TRISD = 0x00;
0x0190	0x1683      	BSF        STATUS, 5
0x0191	0x0188      	CLRF       TRISD
;kkik.c,20 :: 		TRISB = 0xB5
0x0192	0x30B5      	MOVLW      181
0x0193	0x0086      	MOVWF      TRISB
;kkik.c,29 :: 		TRISC = 0x71;    // RC1 RC2 output (PWM)
0x0194	0x3071      	MOVLW      113
0x0195	0x0087      	MOVWF      TRISC
;kkik.c,32 :: 		PORTC = 0x00;
0x0196	0x1283      	BCF        STATUS, 5
0x0197	0x0187      	CLRF       PORTC
;kkik.c,33 :: 		PORTD = 0x00;
0x0198	0x0188      	CLRF       PORTD
;kkik.c,35 :: 		ADC_Init();
0x0199	0x2180      	CALL       _ADC_Init
;kkik.c,36 :: 		Sonar_init();
0x019A	0x208D      	CALL       _Sonar_init
;kkik.c,37 :: 		PWM();
0x019B	0x207E      	CALL       _PWM
;kkik.c,43 :: 		while(1){
L_main0:
;kkik.c,44 :: 		unsigned int ldr_val     = ADC_Read();
0x019C	0x2171      	CALL       _ADC_Read
0x019D	0x0870      	MOVF       R0, 0
0x019E	0x1283      	BCF        STATUS, 5
0x019F	0x00A6      	MOVWF      main_ldr_val_L1
0x01A0	0x0871      	MOVF       R0+1, 0
0x01A1	0x00A7      	MOVWF      main_ldr_val_L1+1
;kkik.c,45 :: 		unsigned int right_dis   = Sonar_read_right();
0x01A2	0x20F5      	CALL       _Sonar_read_right
;kkik.c,46 :: 		unsigned int front_dis   = Sonar_read_front();
0x01A3	0x2096      	CALL       _Sonar_read_front
0x01A4	0x0870      	MOVF       R0, 0
0x01A5	0x00A8      	MOVWF      main_front_dis_L1
0x01A6	0x0871      	MOVF       R0+1, 0
0x01A7	0x00A9      	MOVWF      main_front_dis_L1+1
;kkik.c,47 :: 		unsigned char Right_sens = (PORTB & 0x20);   // RB5
0x01A8	0x3020      	MOVLW      32
0x01A9	0x0506      	ANDWF      PORTB, 0
0x01AA	0x00AA      	MOVWF      main_Right_sens_L1
;kkik.c,48 :: 		unsigned char Left_sens  = (PORTB & 0x10);   // RB4
0x01AB	0x3010      	MOVLW      16
0x01AC	0x0506      	ANDWF      PORTB, 0
0x01AD	0x00AB      	MOVWF      main_Left_sens_L1
;kkik.c,51 :: 		if(ldr_val > ldr_threshold && tunnel_detected == 0){
0x01AE	0x0827      	MOVF       main_ldr_val_L1+1, 0
0x01AF	0x0223      	SUBWF      _ldr_threshold+1, 0
0x01B0	0x1D03      	BTFSS      STATUS, 2
0x01B1	0x29B4      	GOTO       L__main73
0x01B2	0x0826      	MOVF       main_ldr_val_L1, 0
0x01B3	0x0222      	SUBWF      _ldr_threshold, 0
L__main73:
0x01B4	0x1803      	BTFSC      STATUS, 0
0x01B5	0x29BD      	GOTO       L_main4
0x01B6	0x0820      	MOVF       _tunnel_detected, 0
0x01B7	0x3A00      	XORLW      0
0x01B8	0x1D03      	BTFSS      STATUS, 2
0x01B9	0x29BD      	GOTO       L_main4
L__main71:
;kkik.c,52 :: 		tunnel_detected = 1;
0x01BA	0x3001      	MOVLW      1
0x01BB	0x00A0      	MOVWF      _tunnel_detected
;kkik.c,53 :: 		PORTC = PORTC | 0x80;    // buzzer ON = entered tunnel
0x01BC	0x1787      	BSF        PORTC, 7
;kkik.c,54 :: 		}
L_main4:
;kkik.c,56 :: 		if(ldr_val < ldr_threshold && tunnel_detected == 1){
0x01BD	0x0823      	MOVF       _ldr_threshold+1, 0
0x01BE	0x0227      	SUBWF      main_ldr_val_L1+1, 0
0x01BF	0x1D03      	BTFSS      STATUS, 2
0x01C0	0x29C3      	GOTO       L__main74
0x01C1	0x0822      	MOVF       _ldr_threshold, 0
0x01C2	0x0226      	SUBWF      main_ldr_val_L1, 0
L__main74:
0x01C3	0x1803      	BTFSC      STATUS, 0
0x01C4	0x29CE      	GOTO       L_main7
0x01C5	0x0820      	MOVF       _tunnel_detected, 0
0x01C6	0x3A01      	XORLW      1
0x01C7	0x1D03      	BTFSS      STATUS, 2
0x01C8	0x29CE      	GOTO       L_main7
L__main70:
;kkik.c,57 :: 		tunnel_detected = 0;
0x01C9	0x01A0      	CLRF       _tunnel_detected
;kkik.c,58 :: 		maze_mode = 1;           // switch to maze
0x01CA	0x3001      	MOVLW      1
0x01CB	0x00A1      	MOVWF      _maze_mode
;kkik.c,59 :: 		PORTC = PORTC & 0x7F;    // buzzer OFF = exited tunnel
0x01CC	0x307F      	MOVLW      127
0x01CD	0x0587      	ANDWF      PORTC, 1
;kkik.c,60 :: 		}
L_main7:
;kkik.c,63 :: 		if(maze_mode == 0){
0x01CE	0x0821      	MOVF       _maze_mode, 0
0x01CF	0x3A00      	XORLW      0
0x01D0	0x1D03      	BTFSS      STATUS, 2
0x01D1	0x2A0A      	GOTO       L_main8
;kkik.c,65 :: 		if(Left_sens == 0 && Right_sens == 0){
0x01D2	0x082B      	MOVF       main_Left_sens_L1, 0
0x01D3	0x3A00      	XORLW      0
0x01D4	0x1D03      	BTFSS      STATUS, 2
0x01D5	0x29EA      	GOTO       L_main11
0x01D6	0x082A      	MOVF       main_Right_sens_L1, 0
0x01D7	0x3A00      	XORLW      0
0x01D8	0x1D03      	BTFSS      STATUS, 2
0x01D9	0x29EA      	GOTO       L_main11
L__main69:
;kkik.c,66 :: 		Move_forward(0, 70);
0x01DA	0x01AC      	CLRF       FARG_Move_forward_L
0x01DB	0x3046      	MOVLW      70
0x01DC	0x00AD      	MOVWF      FARG_Move_forward_R
0x01DD	0x214E      	CALL       _Move_forward
;kkik.c,67 :: 		while(!(PORTB & 0x20));
L_main12:
0x01DE	0x1A86      	BTFSC      PORTB, 5
0x01DF	0x29E1      	GOTO       L_main13
0x01E0	0x29DE      	GOTO       L_main12
L_main13:
;kkik.c,68 :: 		Move_forward(0, 0);
0x01E1	0x01AC      	CLRF       FARG_Move_forward_L
0x01E2	0x01AD      	CLRF       FARG_Move_forward_R
0x01E3	0x214E      	CALL       _Move_forward
;kkik.c,69 :: 		msdelay(500);
0x01E4	0x30F4      	MOVLW      244
0x01E5	0x00B0      	MOVWF      FARG_msdelay_ms
0x01E6	0x3001      	MOVLW      1
0x01E7	0x00B1      	MOVWF      FARG_msdelay_ms+1
0x01E8	0x2041      	CALL       _msdelay
;kkik.c,71 :: 		} else if(Left_sens == 0 && Right_sens != 0){
0x01E9	0x2A09      	GOTO       L_main14
L_main11:
0x01EA	0x082B      	MOVF       main_Left_sens_L1, 0
0x01EB	0x3A00      	XORLW      0
0x01EC	0x1D03      	BTFSS      STATUS, 2
0x01ED	0x29F7      	GOTO       L_main17
0x01EE	0x082A      	MOVF       main_Right_sens_L1, 0
0x01EF	0x3A00      	XORLW      0
0x01F0	0x1903      	BTFSC      STATUS, 2
0x01F1	0x29F7      	GOTO       L_main17
L__main68:
;kkik.c,72 :: 		Move_forward(0, 70);
0x01F2	0x01AC      	CLRF       FARG_Move_forward_L
0x01F3	0x3046      	MOVLW      70
0x01F4	0x00AD      	MOVWF      FARG_Move_forward_R
0x01F5	0x214E      	CALL       _Move_forward
;kkik.c,75 :: 		} else if(Left_sens != 0 && Right_sens == 0){
0x01F6	0x2A09      	GOTO       L_main18
L_main17:
0x01F7	0x082B      	MOVF       main_Left_sens_L1, 0
0x01F8	0x3A00      	XORLW      0
0x01F9	0x1903      	BTFSC      STATUS, 2
0x01FA	0x2A04      	GOTO       L_main21
0x01FB	0x082A      	MOVF       main_Right_sens_L1, 0
0x01FC	0x3A00      	XORLW      0
0x01FD	0x1D03      	BTFSS      STATUS, 2
0x01FE	0x2A04      	GOTO       L_main21
L__main67:
;kkik.c,76 :: 		Move_forward(70, 0);
0x01FF	0x3046      	MOVLW      70
0x0200	0x00AC      	MOVWF      FARG_Move_forward_L
0x0201	0x01AD      	CLRF       FARG_Move_forward_R
0x0202	0x214E      	CALL       _Move_forward
;kkik.c,79 :: 		} else {
0x0203	0x2A09      	GOTO       L_main22
L_main21:
;kkik.c,80 :: 		Move_forward(70, 80);
0x0204	0x3046      	MOVLW      70
0x0205	0x00AC      	MOVWF      FARG_Move_forward_L
0x0206	0x3050      	MOVLW      80
0x0207	0x00AD      	MOVWF      FARG_Move_forward_R
0x0208	0x214E      	CALL       _Move_forward
;kkik.c,82 :: 		}
L_main22:
L_main18:
L_main14:
;kkik.c,85 :: 		} else {
0x0209	0x2A36      	GOTO       L_main23
L_main8:
;kkik.c,87 :: 		msdelay(100);
0x020A	0x3064      	MOVLW      100
0x020B	0x00B0      	MOVWF      FARG_msdelay_ms
0x020C	0x3000      	MOVLW      0
0x020D	0x00B1      	MOVWF      FARG_msdelay_ms+1
0x020E	0x2041      	CALL       _msdelay
;kkik.c,91 :: 		if(Left_sens == 0 && Right_sens == 0){
0x020F	0x082B      	MOVF       main_Left_sens_L1, 0
0x0210	0x3A00      	XORLW      0
0x0211	0x1D03      	BTFSS      STATUS, 2
0x0212	0x2A1A      	GOTO       L_main26
0x0213	0x082A      	MOVF       main_Right_sens_L1, 0
0x0214	0x3A00      	XORLW      0
0x0215	0x1D03      	BTFSS      STATUS, 2
0x0216	0x2A1A      	GOTO       L_main26
L__main66:
;kkik.c,92 :: 		stop();
0x0217	0x2148      	CALL       _stop
;kkik.c,93 :: 		servo_90();          // raise flag
0x0218	0x2157      	CALL       _servo_90
;kkik.c,94 :: 		while(1);
L_main27:
0x0219	0x2A19      	GOTO       L_main27
;kkik.c,97 :: 		} else if(front_dis < 15){
L_main26:
0x021A	0x3000      	MOVLW      0
0x021B	0x0229      	SUBWF      main_front_dis_L1+1, 0
0x021C	0x1D03      	BTFSS      STATUS, 2
0x021D	0x2A20      	GOTO       L__main75
0x021E	0x300F      	MOVLW      15
0x021F	0x0228      	SUBWF      main_front_dis_L1, 0
L__main75:
0x0220	0x1803      	BTFSC      STATUS, 0
0x0221	0x2A2D      	GOTO       L_main30
;kkik.c,98 :: 		Move_forward(70, 20);
0x0222	0x3046      	MOVLW      70
0x0223	0x00AC      	MOVWF      FARG_Move_forward_L
0x0224	0x3014      	MOVLW      20
0x0225	0x00AD      	MOVWF      FARG_Move_forward_R
0x0226	0x214E      	CALL       _Move_forward
;kkik.c,99 :: 		msdelay(300);
0x0227	0x302C      	MOVLW      44
0x0228	0x00B0      	MOVWF      FARG_msdelay_ms
0x0229	0x3001      	MOVLW      1
0x022A	0x00B1      	MOVWF      FARG_msdelay_ms+1
0x022B	0x2041      	CALL       _msdelay
;kkik.c,112 :: 		} */else {
0x022C	0x2A36      	GOTO       L_main31
L_main30:
;kkik.c,113 :: 		Move_forward(60, 60);
0x022D	0x303C      	MOVLW      60
0x022E	0x00AC      	MOVWF      FARG_Move_forward_L
0x022F	0x303C      	MOVLW      60
0x0230	0x00AD      	MOVWF      FARG_Move_forward_R
0x0231	0x214E      	CALL       _Move_forward
;kkik.c,114 :: 		msdelay(150);
0x0232	0x3096      	MOVLW      150
0x0233	0x00B0      	MOVWF      FARG_msdelay_ms
0x0234	0x01B1      	CLRF       FARG_msdelay_ms+1
0x0235	0x2041      	CALL       _msdelay
;kkik.c,115 :: 		}
L_main31:
;kkik.c,116 :: 		}
L_main23:
;kkik.c,117 :: 		}
0x0236	0x299C      	GOTO       L_main0
;kkik.c,118 :: 		}
L_end_main:
0x0237	0x2A37      	GOTO       $+0
; end of _main
Symbol List:
//** Routines locations **
//ADDRESS    SIZE    PROCEDURE
//----------------------------------------------
0x0003      [11]    _usdelay
0x000E       [7]    _____DoICP
0x0015      [44]    _servo_pulse
0x0041      [32]    _msdelay
0x0061      [29]    _Div_16X16_U
0x007E      [15]    _PWM
0x008D       [9]    _Sonar_init
0x0096      [83]    _Sonar_read_front
0x00E9      [12]    ___CC2DW
0x00F5      [83]    _Sonar_read_right
0x0148       [6]    _stop
0x014E       [9]    _Move_forward
0x0157      [26]    _servo_90
0x0171      [15]    _ADC_Read
0x0180       [8]    _ADC_Init
0x0188     [176]    _main
//** Variables locations ** 
//ADDRESS    SIZE    VARIABLE
//----------------------------------------------
0x0000       [1]    INDF
0x0002       [1]    PCL
0x0003       [1]    STATUS
0x0004       [1]    FSR
0x0006       [1]    PORTB
0x0007       [1]    PORTC
0x0008       [1]    PORTD
0x000A       [1]    PCLATH
0x0012       [1]    T2CON
0x0015       [1]    CCPR1L
0x0017       [1]    CCP1CON
0x001B       [1]    CCPR2L
0x001D       [1]    CCP2CON
0x001E       [1]    ADRESH
0x001F       [1]    ADCON0
0x0020       [1]    _tunnel_detected
0x0021       [1]    _maze_mode
0x0022       [2]    _ldr_threshold
0x0024       [2]    ___DoICPAddr
0x0026       [2]    main_ldr_val_L1
0x0028       [2]    main_front_dis_L1
0x002A       [1]    main_Right_sens_L1
0x002B       [1]    main_Left_sens_L1
0x002C       [2]    Sonar_read_front_duration_L0
0x002C       [1]    FARG_Move_forward_L
0x002C       [2]    Sonar_read_right_duration_L0
0x002C       [2]    servo_90_cycles_L0
0x002D       [1]    FARG_Move_forward_R
0x002E       [2]    Sonar_read_front_timeout_L0
0x002E       [2]    Sonar_read_right_timeout_L0
0x0030       [2]    FARG_servo_pulse_pulse_us
0x0030       [2]    FARG_msdelay_ms
0x0032       [2]    servo_pulse_i_L0
0x0070       [1]    R0
0x0071       [1]    R1
0x0072       [1]    R2
0x0073       [1]    R3
0x0074       [1]    R4
0x0075       [1]    R5
0x0076       [1]    R6
0x0077       [1]    R7
0x0078       [1]    R8
0x0079       [1]    R9
0x007A       [1]    R10
0x007B       [1]    R11
0x007C       [1]    R12
0x007D       [1]    R13
0x007E       [1]    R14
0x007F       [1]    R15
0x0086       [1]    TRISB
0x0087       [1]    TRISC
0x0088       [1]    TRISD
0x0092       [1]    PR2
0x009E       [1]    ADRESL
0x009F       [1]    ADCON1
